This is e-upTeX, Version 3.14159265-p3.8.1-u1.23-180226-2.6 (utf8.uptex) (TeX Live 2018) (preloaded format=uplatex 2018.9.14)  24 NOV 2018 09:11
entering extended mode
 restricted \write18 enabled.
 %&-line parsing enabled.
**resume.tex
(./resume.tex
pLaTeX2e <2018-07-28u02>+1 (based on LaTeX2e <2018-04-01> patch level 5)
(/usr/local/texlive/2018/texmf-dist/tex/platex/jsclasses/jsarticle.cls
Document Class: jsarticle 2018/06/23 jsclasses (okumura, texjporg)

! Class jsarticle Error: You are running upLaTeX.
(jsarticle)              Please use pLaTeX instead, or add 'uplatex' to
(jsarticle)              the class option list.

See the jsarticle class documentation for explanation.
Type  H <return>  for immediate help.
 ...                                              
                                                  
l.236       {\@ehc}
                   
? 
! Emergency stop.
 ...                                              
                                                  
l.236       {\@ehc}
                   
Try typing  <return>  to proceed.
If that doesn't work, type  X <return>  to quit.

 
Here is how much of TeX's memory you used:
 129 strings out of 494716
 1813 string characters out of 6180331
 61115 words of memory out of 5000000
 4065 multiletter control sequences out of 15000+600000
 6281 words of font info for 32 fonts, out of 8000000 for 9000
 14 hyphenation exceptions out of 8191
 20i,0n,19p,133b,14s stack positions out of 5000i,500n,10000p,200000b,80000s
No pages of output.
